TN:
SF:src/app/member.component.js
FN:3,MemberComponent
FNF:1
FNH:1
FNDA:5,MemberComponent
DA:1,1
DA:2,1
DA:3,1
DA:4,5
DA:5,5
DA:6,5
DA:7,5
DA:8,5
DA:9,5
DA:10,5
DA:11,5
DA:12,5
DA:13,5
DA:14,5
DA:15,5
DA:16,1
DA:17,1
LF:17
LH:17
BRDA:3,0,0,5
BRF:1
BRH:1
end_of_record
TN:
SF:src/app/page.js
FN:5,Page
FNF:1
FNH:1
FNDA:1,Page
DA:1,1
DA:2,1
DA:3,1
DA:4,1
DA:5,1
DA:6,1
DA:7,1
DA:8,1
DA:9,1
DA:10,1
DA:11,1
DA:12,1
DA:13,1
DA:14,1
DA:15,1
DA:16,1
DA:17,1
DA:18,1
DA:19,5
DA:20,5
DA:21,5
DA:22,1
DA:23,1
DA:24,1
DA:25,1
LF:25
LH:25
BRDA:5,0,0,1
BRDA:18,1,0,5
BRF:2
BRH:2
end_of_record
